Fri Oct 24 04:47:12 UTC 2025 update
Fri Oct 24 04:50:24 UTC 2025 update
Fri Oct 24 05:50:20 UTC 2025 update
Fri Oct 24 06:08:20 UTC 2025 update
Fri Oct 24 06:14:36 UTC 2025 update
Fri Oct 24 06:19:54 UTC 2025 update
Fri Oct 24 06:35:36 UTC 2025 update
Fri Oct 24 06:41:27 UTC 2025 update
Fri Oct 24 06:42:23 UTC 2025 update
Fri Oct 24 06:51:42 UTC 2025 update
Fri Oct 24 06:53:15 UTC 2025 update
Fri Oct 24 06:55:44 UTC 2025 update
Fri Oct 24 07:03:26 UTC 2025 update
Sat Oct 25 08:48:50 UTC 2025 update
Sat Oct 25 15:08:51 UTC 2025 update
Sat Oct 25 15:12:45 UTC 2025 update
Sun Oct 26 06:14:56 UTC 2025 update
Sun Oct 26 06:31:19 UTC 2025 update
Sun Oct 26 06:34:54 UTC 2025 update
Sun Oct 26 06:39:47 UTC 2025 update
Sun Oct 26 06:48:46 UTC 2025 update
Sun Oct 26 08:40:44 UTC 2025 update
Mon Oct 27 00:18:11 UTC 2025 update
Mon Oct 27 00:37:44 UTC 2025 update
Mon Oct 27 06:31:10 UTC 2025 update
Mon Oct 27 06:43:35 UTC 2025 update
Tue Oct 28 04:43:06 UTC 2025 update
Thu Oct 30 01:12:43 UTC 2025 update
Thu Oct 30 04:50:56 UTC 2025 update
Thu Oct 30 05:08:12 UTC 2025 update
